mode: atomic
github.com/Mrityunjoy99/sample-go/src/application/user/controller.go:17.48,21.2 1 0
github.com/Mrityunjoy99/sample-go/src/application/user/controller.go:23.53,26.16 3 0
github.com/Mrityunjoy99/sample-go/src/application/user/controller.go:26.16,32.3 2 0
github.com/Mrityunjoy99/sample-go/src/application/user/controller.go:34.2,35.16 2 0
github.com/Mrityunjoy99/sample-go/src/application/user/controller.go:35.16,36.40 1 0
github.com/Mrityunjoy99/sample-go/src/application/user/controller.go:36.40,42.4 2 0
github.com/Mrityunjoy99/sample-go/src/application/user/controller.go:44.3,48.9 2 0
github.com/Mrityunjoy99/sample-go/src/application/user/controller.go:51.2,51.19 1 0
github.com/Mrityunjoy99/sample-go/src/application/user/controller.go:54.52,56.47 2 0
github.com/Mrityunjoy99/sample-go/src/application/user/controller.go:56.47,62.3 2 0
github.com/Mrityunjoy99/sample-go/src/application/user/controller.go:64.2,65.16 2 0
github.com/Mrityunjoy99/sample-go/src/application/user/controller.go:65.16,71.3 2 0
github.com/Mrityunjoy99/sample-go/src/application/user/controller.go:73.2,73.19 1 0
github.com/Mrityunjoy99/sample-go/src/application/user/dto.go:15.53,22.2 1 1
github.com/Mrityunjoy99/sample-go/src/application/user/dto.go:24.57,32.2 1 2
github.com/Mrityunjoy99/sample-go/src/application/user/service.go:17.61,19.2 1 2
github.com/Mrityunjoy99/sample-go/src/application/user/service.go:21.70,23.16 2 1
github.com/Mrityunjoy99/sample-go/src/application/user/service.go:23.16,25.3 1 0
github.com/Mrityunjoy99/sample-go/src/application/user/service.go:26.2,26.36 1 1
github.com/Mrityunjoy99/sample-go/src/application/user/service.go:29.74,32.16 3 1
github.com/Mrityunjoy99/sample-go/src/application/user/service.go:32.16,34.3 1 0
github.com/Mrityunjoy99/sample-go/src/application/user/service.go:35.2,35.36 1 1
